This file contains any messages produced by compilers while
running configure, to aid debugging if configure makes a mistake.

It was created by lfsc-checker configure 1.0, which was
generated by GNU Autoconf 2.68.  Invocation command line was

  $ ../../../proofs/lfsc_checker/configure --disable-option-checking --prefix=/usr/local --with-antlr-dir=/home/rakeshmistry/Documents/approxMC/cvc4-mc/cvc4-1.4/antlr-3.4 ANTLR=/home/rakeshmistry/Documents/approxMC/cvc4-mc/cvc4-1.4/antlr-3.4/bin/antlr3 --cache-file=/dev/null --srcdir=../../../proofs/lfsc_checker

## --------- ##
## Platform. ##
## --------- ##

hostname = nilgiri.cfdvs.iitb.ac.in
uname -m = x86_64
uname -r = 2.6.32-431.11.2.el6.x86_64
uname -s = Linux
uname -v = #1 SMP Tue Mar 25 19:59:55 UTC 2014

/usr/bin/uname -p = unknown
/bin/uname -X     = unknown

/bin/arch              = x86_64
/usr/bin/arch -k       = unknown
/usr/convex/getsysinfo = unknown
/usr/bin/hostinfo      = unknown
/bin/machine           = unknown
/usr/bin/oslevel       = unknown
/bin/universe          = unknown

PATH: /home/rakeshmistry/bin/cvc4/cvc4-1.4/build/src/main
PATH: /home/rakeshmistry/bin/Python-3.4.3/bin
PATH: /home/rakeshmistry/bin/parallel-20150622/bin
PATH: /home/rakeshmistry/bin/netbeans-8/bin
PATH: /home/rakeshmistry/bin/boolector/boolector
PATH: /share/apps/Intel/bin
PATH: /opt/intel/composer_xe_2015.0.090/bin/intel64
PATH: /opt/intel/composer_xe_2015.0.090/mpirt/bin/intel64
PATH: /opt/intel/composer_xe_2015.0.090/debugger/gdb/intel64_mic/bin
PATH: /usr/lib64/qt-3.3/bin
PATH: /usr/local/bin
PATH: /bin
PATH: /usr/bin
PATH: /usr/local/sbin
PATH: /usr/sbin
PATH: /sbin
PATH: /opt/bio/ncbi/bin
PATH: /opt/bio/mpiblast/bin
PATH: /opt/bio/EMBOSS/bin
PATH: /opt/bio/clustalw/bin
PATH: /opt/bio/tcoffee/bin
PATH: /opt/bio/hmmer/bin
PATH: /opt/bio/phylip/exe
PATH: /opt/bio/mrbayes
PATH: /opt/bio/fasta
PATH: /opt/bio/glimmer/bin
PATH: /opt/bio/glimmer/scripts
PATH: /opt/bio/gromacs/bin
PATH: /opt/bio/gmap/bin
PATH: /opt/bio/tigr/bin
PATH: /opt/bio/autodocksuite/bin
PATH: /opt/bio/wgs/bin
PATH: /opt/eclipse
PATH: /opt/ganglia/bin
PATH: /opt/ganglia/sbin
PATH: /opt/ibutils/bin
PATH: /usr/java/latest/bin
PATH: /opt/maven/bin
PATH: /opt/pdsh/bin
PATH: /opt/rocks/bin
PATH: /opt/rocks/sbin
PATH: /home/rakeshmistry/bin


## ----------- ##
## Core tests. ##
## ----------- ##

configure:2434: checking for a BSD-compatible install
configure:2502: result: /usr/bin/install -c
configure:2513: checking whether build environment is sane
configure:2563: result: yes
configure:2704: checking for a thread-safe mkdir -p
configure:2743: result: /bin/mkdir -p
configure:2756: checking for gawk
configure:2772: found /bin/gawk
configure:2783: result: gawk
configure:2794: checking whether make sets $(MAKE)
configure:2816: result: yes
configure:2882: checking how to create a pax tar archive
configure:2895: tar --version
tar (GNU tar) 1.23
Copyright (C) 2010 Free Software Foundation, Inc.
License GPLv3+: GNU GPL version 3 or later <http://gnu.org/licenses/gpl.html>.
This is free software: you are free to change and redistribute it.
There is NO WARRANTY, to the extent permitted by law.

Written by John Gilmore and Jay Fenlason.
configure:2898: $? = 0
configure:2938: tardir=conftest.dir && eval tar --format=posix -chf - "$tardir" >conftest.tar
configure:2941: $? = 0
configure:2945: tar -xf - <conftest.tar
configure:2948: $? = 0
configure:2961: result: gnutar
configure:2997: checking build system type
configure:3011: result: x86_64-unknown-linux-gnu
configure:3031: checking host system type
configure:3044: result: x86_64-unknown-linux-gnu
configure:3085: checking how to print strings
configure:3112: result: printf
configure:3145: checking for style of include used by make
configure:3173: result: GNU
configure:3244: checking for gcc
configure:3260: found /usr/bin/gcc
configure:3271: result: gcc
configure:3500: checking for C compiler version
configure:3509: gcc --version >&5
gcc (GCC) 4.4.7 20120313 (Red Hat 4.4.7-4)
Copyright (C) 2010 Free Software Foundation, Inc.
This is free software; see the source for copying conditions.  There is NO
warranty; not even for MERCHANTABILITY or FITNESS FOR A PARTICULAR PURPOSE.

configure:3520: $? = 0
configure:3509: gcc -v >&5
Using built-in specs.
Target: x86_64-redhat-linux
Configured with: ../configure --prefix=/usr --mandir=/usr/share/man --infodir=/usr/share/info --with-bugurl=http://bugzilla.redhat.com/bugzilla --enable-bootstrap --enable-shared --enable-threads=posix --enable-checking=release --with-system-zlib --enable-__cxa_atexit --disable-libunwind-exceptions --enable-gnu-unique-object --enable-languages=c,c++,objc,obj-c++,java,fortran,ada --enable-java-awt=gtk --disable-dssi --with-java-home=/usr/lib/jvm/java-1.5.0-gcj-1.5.0.0/jre --enable-libgcj-multifile --enable-java-maintainer-mode --with-ecj-jar=/usr/share/java/eclipse-ecj.jar --disable-libjava-multilib --with-ppl --with-cloog --with-tune=generic --with-arch_32=i686 --build=x86_64-redhat-linux
Thread model: posix
gcc version 4.4.7 20120313 (Red Hat 4.4.7-4) (GCC) 
configure:3520: $? = 0
configure:3509: gcc -V >&5
gcc: '-V' option must have argument
configure:3520: $? = 1
configure:3509: gcc -qversion >&5
gcc: unrecognized option '-qversion'
gcc: no input files
configure:3520: $? = 1
configure:3540: checking whether the C compiler works
configure:3562: gcc    conftest.c  >&5
configure:3566: $? = 0
configure:3614: result: yes
configure:3617: checking for C compiler default output file name
configure:3619: result: a.out
configure:3625: checking for suffix of executables
configure:3632: gcc -o conftest    conftest.c  >&5
configure:3636: $? = 0
configure:3658: result: 
configure:3680: checking whether we are cross compiling
configure:3688: gcc -o conftest    conftest.c  >&5
configure:3692: $? = 0
configure:3699: ./conftest
configure:3703: $? = 0
configure:3718: result: no
configure:3723: checking for suffix of object files
configure:3745: gcc -c   conftest.c >&5
configure:3749: $? = 0
configure:3770: result: o
configure:3774: checking whether we are using the GNU C compiler
configure:3793: gcc -c   conftest.c >&5
configure:3793: $? = 0
configure:3802: result: yes
configure:3811: checking whether gcc accepts -g
configure:3831: gcc -c -g  conftest.c >&5
configure:3831: $? = 0
configure:3872: result: yes
configure:3889: checking for gcc option to accept ISO C89
configure:3953: gcc  -c -g -O2  conftest.c >&5
configure:3953: $? = 0
configure:3966: result: none needed
configure:3988: checking dependency style of gcc
configure:4099: result: gcc3
configure:4114: checking for a sed that does not truncate output
configure:4178: result: /bin/sed
configure:4196: checking for grep that handles long lines and -e
configure:4254: result: /bin/grep
configure:4259: checking for egrep
configure:4321: result: /bin/grep -E
configure:4326: checking for fgrep
configure:4388: result: /bin/grep -F
configure:4423: checking for ld used by gcc
configure:4490: result: /usr/bin/ld
configure:4497: checking if the linker (/usr/bin/ld) is GNU ld
configure:4512: result: yes
configure:4524: checking for BSD- or MS-compatible name lister (nm)
configure:4573: result: /usr/bin/nm -B
configure:4703: checking the name lister (/usr/bin/nm -B) interface
configure:4710: gcc -c -g -O2  conftest.c >&5
configure:4713: /usr/bin/nm -B "conftest.o"
configure:4716: output
0000000000000000 B some_variable
configure:4723: result: BSD nm
configure:4726: checking whether ln -s works
configure:4730: result: yes
configure:4738: checking the maximum length of command line arguments
configure:4868: result: 1966080
configure:4885: checking whether the shell understands some XSI constructs
configure:4895: result: yes
configure:4899: checking whether the shell understands "+="
configure:4905: result: yes
configure:4940: checking how to convert x86_64-unknown-linux-gnu file names to x86_64-unknown-linux-gnu format
configure:4980: result: func_convert_file_noop
configure:4987: checking how to convert x86_64-unknown-linux-gnu file names to toolchain format
configure:5007: result: func_convert_file_noop
configure:5014: checking for /usr/bin/ld option to reload object files
configure:5021: result: -r
configure:5095: checking for objdump
configure:5111: found /usr/bin/objdump
configure:5122: result: objdump
configure:5154: checking how to recognize dependent libraries
configure:5356: result: pass_all
configure:5441: checking for dlltool
configure:5471: result: no
configure:5501: checking how to associate runtime and link libraries
configure:5528: result: printf %s\n
configure:5589: checking for ar
configure:5605: found /usr/bin/ar
configure:5616: result: ar
configure:5653: checking for archiver @FILE support
configure:5670: gcc -c -g -O2  conftest.c >&5
configure:5670: $? = 0
configure:5673: ar cru libconftest.a @conftest.lst >&5
configure:5676: $? = 0
configure:5681: ar cru libconftest.a @conftest.lst >&5
ar: conftest.o: No such file or directory
configure:5684: $? = 1
configure:5696: result: @
configure:5754: checking for strip
configure:5770: found /usr/bin/strip
configure:5781: result: strip
configure:5853: checking for ranlib
configure:5869: found /usr/bin/ranlib
configure:5880: result: ranlib
configure:5982: checking command to parse /usr/bin/nm -B output from gcc object
configure:6102: gcc -c -g -O2  conftest.c >&5
configure:6105: $? = 0
configure:6109: /usr/bin/nm -B conftest.o \| sed -n -e 's/^.*[ ]\([ABCDGIRSTW][ABCDGIRSTW]*\)[ ][ ]*\([_A-Za-z][_A-Za-z0-9]*\)$/\1 \2 \2/p' | sed '/ __gnu_lto/d' \> conftest.nm
configure:6112: $? = 0
configure:6178: gcc -o conftest -g -O2   conftest.c conftstm.o >&5
configure:6181: $? = 0
configure:6219: result: ok
configure:6256: checking for sysroot
configure:6286: result: no
configure:6363: gcc -c -g -O2  conftest.c >&5
configure:6366: $? = 0
configure:6542: checking for mt
configure:6572: result: no
configure:6592: checking if : is a manifest tool
configure:6598: : '-?'
configure:6606: result: no
configure:7248: checking how to run the C preprocessor
configure:7279: gcc -E  conftest.c
configure:7279: $? = 0
configure:7293: gcc -E  conftest.c
conftest.c:9:28: error: ac_nonexistent.h: No such file or directory
configure:7293: $? = 1
configure: failed program was:
| /* confdefs.h */
| #define PACKAGE_NAME "lfsc-checker"
| #define PACKAGE_TARNAME "lfsc-checker"
| #define PACKAGE_VERSION "1.0"
| #define PACKAGE_STRING "lfsc-checker 1.0"
| #define PACKAGE_BUGREPORT "cvc-bugs@cs.nyu.edu"
| #define PACKAGE_URL ""
| /* end confdefs.h.  */
| #include <ac_nonexistent.h>
configure:7318: result: gcc -E
configure:7338: gcc -E  conftest.c
configure:7338: $? = 0
configure:7352: gcc -E  conftest.c
conftest.c:9:28: error: ac_nonexistent.h: No such file or directory
configure:7352: $? = 1
configure: failed program was:
| /* confdefs.h */
| #define PACKAGE_NAME "lfsc-checker"
| #define PACKAGE_TARNAME "lfsc-checker"
| #define PACKAGE_VERSION "1.0"
| #define PACKAGE_STRING "lfsc-checker 1.0"
| #define PACKAGE_BUGREPORT "cvc-bugs@cs.nyu.edu"
| #define PACKAGE_URL ""
| /* end confdefs.h.  */
| #include <ac_nonexistent.h>
configure:7381: checking for ANSI C header files
configure:7401: gcc -c -g -O2  conftest.c >&5
configure:7401: $? = 0
configure:7474: gcc -o conftest -g -O2   conftest.c  >&5
configure:7474: $? = 0
configure:7474: ./conftest
configure:7474: $? = 0
configure:7485: result: yes
configure:7498: checking for sys/types.h
configure:7498: gcc -c -g -O2  conftest.c >&5
configure:7498: $? = 0
configure:7498: result: yes
configure:7498: checking for sys/stat.h
configure:7498: gcc -c -g -O2  conftest.c >&5
configure:7498: $? = 0
configure:7498: result: yes
configure:7498: checking for stdlib.h
configure:7498: gcc -c -g -O2  conftest.c >&5
configure:7498: $? = 0
configure:7498: result: yes
configure:7498: checking for string.h
configure:7498: gcc -c -g -O2  conftest.c >&5
configure:7498: $? = 0
configure:7498: result: yes
configure:7498: checking for memory.h
configure:7498: gcc -c -g -O2  conftest.c >&5
configure:7498: $? = 0
configure:7498: result: yes
configure:7498: checking for strings.h
configure:7498: gcc -c -g -O2  conftest.c >&5
configure:7498: $? = 0
configure:7498: result: yes
configure:7498: checking for inttypes.h
configure:7498: gcc -c -g -O2  conftest.c >&5
configure:7498: $? = 0
configure:7498: result: yes
configure:7498: checking for stdint.h
configure:7498: gcc -c -g -O2  conftest.c >&5
configure:7498: $? = 0
configure:7498: result: yes
configure:7498: checking for unistd.h
configure:7498: gcc -c -g -O2  conftest.c >&5
configure:7498: $? = 0
configure:7498: result: yes
configure:7512: checking for dlfcn.h
configure:7512: gcc -c -g -O2  conftest.c >&5
configure:7512: $? = 0
configure:7512: result: yes
configure:7718: checking for objdir
configure:7733: result: .libs
configure:8000: checking if gcc supports -fno-rtti -fno-exceptions
configure:8018: gcc -c -g -O2  -fno-rtti -fno-exceptions conftest.c >&5
cc1: warning: command line option "-fno-rtti" is valid for C++/ObjC++ but not for C
configure:8022: $? = 0
configure:8035: result: no
configure:8362: checking for gcc option to produce PIC
configure:8369: result: -fPIC -DPIC
configure:8377: checking if gcc PIC flag -fPIC -DPIC works
configure:8395: gcc -c -g -O2  -fPIC -DPIC -DPIC conftest.c >&5
configure:8399: $? = 0
configure:8412: result: yes
configure:8441: checking if gcc static flag -static works
configure:8469: result: yes
configure:8484: checking if gcc supports -c -o file.o
configure:8505: gcc -c -g -O2  -o out/conftest2.o conftest.c >&5
configure:8509: $? = 0
configure:8531: result: yes
configure:8539: checking if gcc supports -c -o file.o
configure:8586: result: yes
configure:8619: checking whether the gcc linker (/usr/bin/ld -m elf_x86_64) supports shared libraries
configure:9776: result: yes
configure:9813: checking whether -lc should be explicitly linked in
configure:9821: gcc -c -g -O2  conftest.c >&5
configure:9824: $? = 0
configure:9839: gcc -shared  -fPIC -DPIC conftest.o  -v -Wl,-soname -Wl,conftest -o conftest 2\>\&1 \| /bin/grep  -lc  \>/dev/null 2\>\&1
configure:9842: $? = 0
configure:9856: result: no
configure:10016: checking dynamic linker characteristics
configure:10527: gcc -o conftest -g -O2   -Wl,-rpath -Wl,/foo conftest.c  >&5
configure:10527: $? = 0
configure:10761: result: GNU/Linux ld.so
configure:10868: checking how to hardcode library paths into programs
configure:10893: result: immediate
configure:11433: checking whether stripping libraries is possible
configure:11438: result: yes
configure:11473: checking if libtool supports shared libraries
configure:11475: result: yes
configure:11478: checking whether to build shared libraries
configure:11499: result: yes
configure:11502: checking whether to build static libraries
configure:11506: result: yes
configure:11546: checking target system type
configure:11559: result: x86_64-unknown-linux-gnu
configure:11597: checking whether make supports nested variables
configure:11614: result: yes
configure:11628: checking whether to enable maintainer-specific portions of Makefiles
configure:11637: result: yes
configure:11768: checking for g++
configure:11784: found /usr/bin/g++
configure:11795: result: g++
configure:11822: checking for C++ compiler version
configure:11831: g++ --version >&5
g++ (GCC) 4.4.7 20120313 (Red Hat 4.4.7-4)
Copyright (C) 2010 Free Software Foundation, Inc.
This is free software; see the source for copying conditions.  There is NO
warranty; not even for MERCHANTABILITY or FITNESS FOR A PARTICULAR PURPOSE.

configure:11842: $? = 0
configure:11831: g++ -v >&5
Using built-in specs.
Target: x86_64-redhat-linux
Configured with: ../configure --prefix=/usr --mandir=/usr/share/man --infodir=/usr/share/info --with-bugurl=http://bugzilla.redhat.com/bugzilla --enable-bootstrap --enable-shared --enable-threads=posix --enable-checking=release --with-system-zlib --enable-__cxa_atexit --disable-libunwind-exceptions --enable-gnu-unique-object --enable-languages=c,c++,objc,obj-c++,java,fortran,ada --enable-java-awt=gtk --disable-dssi --with-java-home=/usr/lib/jvm/java-1.5.0-gcj-1.5.0.0/jre --enable-libgcj-multifile --enable-java-maintainer-mode --with-ecj-jar=/usr/share/java/eclipse-ecj.jar --disable-libjava-multilib --with-ppl --with-cloog --with-tune=generic --with-arch_32=i686 --build=x86_64-redhat-linux
Thread model: posix
gcc version 4.4.7 20120313 (Red Hat 4.4.7-4) (GCC) 
configure:11842: $? = 0
configure:11831: g++ -V >&5
g++: '-V' option must have argument
configure:11842: $? = 1
configure:11831: g++ -qversion >&5
g++: unrecognized option '-qversion'
g++: no input files
configure:11842: $? = 1
configure:11846: checking whether we are using the GNU C++ compiler
configure:11865: g++ -c   conftest.cpp >&5
configure:11865: $? = 0
configure:11874: result: yes
configure:11883: checking whether g++ accepts -g
configure:11903: g++ -c -g  conftest.cpp >&5
configure:11903: $? = 0
configure:11944: result: yes
configure:11969: checking dependency style of g++
configure:12080: result: gcc3
configure:12113: checking how to run the C++ preprocessor
configure:12140: g++ -E  conftest.cpp
configure:12140: $? = 0
configure:12154: g++ -E  conftest.cpp
conftest.cpp:21:28: error: ac_nonexistent.h: No such file or directory
configure:12154: $? = 1
configure: failed program was:
| /* confdefs.h */
| #define PACKAGE_NAME "lfsc-checker"
| #define PACKAGE_TARNAME "lfsc-checker"
| #define PACKAGE_VERSION "1.0"
| #define PACKAGE_STRING "lfsc-checker 1.0"
| #define PACKAGE_BUGREPORT "cvc-bugs@cs.nyu.edu"
| #define PACKAGE_URL ""
| #define STDC_HEADERS 1
| #define HAVE_SYS_TYPES_H 1
| #define HAVE_SYS_STAT_H 1
| #define HAVE_STDLIB_H 1
| #define HAVE_STRING_H 1
| #define HAVE_MEMORY_H 1
| #define HAVE_STRINGS_H 1
| #define HAVE_INTTYPES_H 1
| #define HAVE_STDINT_H 1
| #define HAVE_UNISTD_H 1
| #define HAVE_DLFCN_H 1
| #define LT_OBJDIR ".libs/"
| /* end confdefs.h.  */
| #include <ac_nonexistent.h>
configure:12179: result: g++ -E
configure:12199: g++ -E  conftest.cpp
configure:12199: $? = 0
configure:12213: g++ -E  conftest.cpp
conftest.cpp:21:28: error: ac_nonexistent.h: No such file or directory
configure:12213: $? = 1
configure: failed program was:
| /* confdefs.h */
| #define PACKAGE_NAME "lfsc-checker"
| #define PACKAGE_TARNAME "lfsc-checker"
| #define PACKAGE_VERSION "1.0"
| #define PACKAGE_STRING "lfsc-checker 1.0"
| #define PACKAGE_BUGREPORT "cvc-bugs@cs.nyu.edu"
| #define PACKAGE_URL ""
| #define STDC_HEADERS 1
| #define HAVE_SYS_TYPES_H 1
| #define HAVE_SYS_STAT_H 1
| #define HAVE_STDLIB_H 1
| #define HAVE_STRING_H 1
| #define HAVE_MEMORY_H 1
| #define HAVE_STRINGS_H 1
| #define HAVE_INTTYPES_H 1
| #define HAVE_STDINT_H 1
| #define HAVE_UNISTD_H 1
| #define HAVE_DLFCN_H 1
| #define LT_OBJDIR ".libs/"
| /* end confdefs.h.  */
| #include <ac_nonexistent.h>
configure:12382: checking for ld used by g++
configure:12449: result: /usr/bin/ld -m elf_x86_64
configure:12456: checking if the linker (/usr/bin/ld -m elf_x86_64) is GNU ld
configure:12471: result: yes
configure:12526: checking whether the g++ linker (/usr/bin/ld -m elf_x86_64) supports shared libraries
configure:13531: result: yes
configure:13567: g++ -c -g -O2  conftest.cpp >&5
configure:13570: $? = 0
configure:14090: checking for g++ option to produce PIC
configure:14097: result: -fPIC -DPIC
configure:14105: checking if g++ PIC flag -fPIC -DPIC works
configure:14123: g++ -c -g -O2  -fPIC -DPIC -DPIC conftest.cpp >&5
configure:14127: $? = 0
configure:14140: result: yes
configure:14163: checking if g++ static flag -static works
configure:14191: result: yes
configure:14203: checking if g++ supports -c -o file.o
configure:14224: g++ -c -g -O2  -o out/conftest2.o conftest.cpp >&5
configure:14228: $? = 0
configure:14250: result: yes
configure:14255: checking if g++ supports -c -o file.o
configure:14302: result: yes
configure:14332: checking whether the g++ linker (/usr/bin/ld -m elf_x86_64) supports shared libraries
configure:14371: result: yes
configure:14512: checking dynamic linker characteristics
configure:15191: result: GNU/Linux ld.so
configure:15244: checking how to hardcode library paths into programs
configure:15269: result: immediate
configure:15357: checking for gcc
configure:15384: result: gcc
configure:15613: checking for C compiler version
configure:15622: gcc --version >&5
gcc (GCC) 4.4.7 20120313 (Red Hat 4.4.7-4)
Copyright (C) 2010 Free Software Foundation, Inc.
This is free software; see the source for copying conditions.  There is NO
warranty; not even for MERCHANTABILITY or FITNESS FOR A PARTICULAR PURPOSE.

configure:15633: $? = 0
configure:15622: gcc -v >&5
Using built-in specs.
Target: x86_64-redhat-linux
Configured with: ../configure --prefix=/usr --mandir=/usr/share/man --infodir=/usr/share/info --with-bugurl=http://bugzilla.redhat.com/bugzilla --enable-bootstrap --enable-shared --enable-threads=posix --enable-checking=release --with-system-zlib --enable-__cxa_atexit --disable-libunwind-exceptions --enable-gnu-unique-object --enable-languages=c,c++,objc,obj-c++,java,fortran,ada --enable-java-awt=gtk --disable-dssi --with-java-home=/usr/lib/jvm/java-1.5.0-gcj-1.5.0.0/jre --enable-libgcj-multifile --enable-java-maintainer-mode --with-ecj-jar=/usr/share/java/eclipse-ecj.jar --disable-libjava-multilib --with-ppl --with-cloog --with-tune=generic --with-arch_32=i686 --build=x86_64-redhat-linux
Thread model: posix
gcc version 4.4.7 20120313 (Red Hat 4.4.7-4) (GCC) 
configure:15633: $? = 0
configure:15622: gcc -V >&5
gcc: '-V' option must have argument
configure:15633: $? = 1
configure:15622: gcc -qversion >&5
gcc: unrecognized option '-qversion'
gcc: no input files
configure:15633: $? = 1
configure:15637: checking whether we are using the GNU C compiler
configure:15665: result: yes
configure:15674: checking whether gcc accepts -g
configure:15735: result: yes
configure:15752: checking for gcc option to accept ISO C89
configure:15829: result: none needed
configure:15851: checking dependency style of gcc
configure:15962: result: gcc3
configure:15980: checking for __gmpz_init in -lgmp
configure:16005: gcc -o conftest -g -O2   conftest.c -lgmp   >&5
configure:16005: $? = 0
configure:16014: result: yes
configure:16030: checking for stdlib.h
configure:16030: result: yes
configure:16030: checking for string.h
configure:16030: result: yes
configure:16042: checking for stdbool.h that conforms to C99
configure:16109: gcc -c -g -O2  conftest.c >&5
configure:16109: $? = 0
configure:16116: result: yes
configure:16118: checking for _Bool
configure:16118: gcc -c -g -O2  conftest.c >&5
configure:16118: $? = 0
configure:16118: gcc -c -g -O2  conftest.c >&5
conftest.c: In function 'main':
conftest.c:60: error: expected expression before ')' token
configure:16118: $? = 1
configure: failed program was:
| /* confdefs.h */
| #define PACKAGE_NAME "lfsc-checker"
| #define PACKAGE_TARNAME "lfsc-checker"
| #define PACKAGE_VERSION "1.0"
| #define PACKAGE_STRING "lfsc-checker 1.0"
| #define PACKAGE_BUGREPORT "cvc-bugs@cs.nyu.edu"
| #define PACKAGE_URL ""
| #define STDC_HEADERS 1
| #define HAVE_SYS_TYPES_H 1
| #define HAVE_SYS_STAT_H 1
| #define HAVE_STDLIB_H 1
| #define HAVE_STRING_H 1
| #define HAVE_MEMORY_H 1
| #define HAVE_STRINGS_H 1
| #define HAVE_INTTYPES_H 1
| #define HAVE_STDINT_H 1
| #define HAVE_UNISTD_H 1
| #define HAVE_DLFCN_H 1
| #define LT_OBJDIR ".libs/"
| #define HAVE_LIBGMP 1
| #define HAVE_STDLIB_H 1
| #define HAVE_STRING_H 1
| /* end confdefs.h.  */
| #include <stdio.h>
| #ifdef HAVE_SYS_TYPES_H
| # include <sys/types.h>
| #endif
| #ifdef HAVE_SYS_STAT_H
| # include <sys/stat.h>
| #endif
| #ifdef STDC_HEADERS
| # include <stdlib.h>
| # include <stddef.h>
| #else
| # ifdef HAVE_STDLIB_H
| #  include <stdlib.h>
| # endif
| #endif
| #ifdef HAVE_STRING_H
| # if !defined STDC_HEADERS && defined HAVE_MEMORY_H
| #  include <memory.h>
| # endif
| # include <string.h>
| #endif
| #ifdef HAVE_STRINGS_H
| # include <strings.h>
| #endif
| #ifdef HAVE_INTTYPES_H
| # include <inttypes.h>
| #endif
| #ifdef HAVE_STDINT_H
| # include <stdint.h>
| #endif
| #ifdef HAVE_UNISTD_H
| # include <unistd.h>
| #endif
| int
| main ()
| {
| if (sizeof ((_Bool)))
| 	    return 0;
|   ;
|   return 0;
| }
configure:16118: result: yes
configure:16134: checking for inline
configure:16150: gcc -c -g -O2  conftest.c >&5
configure:16150: $? = 0
configure:16158: result: inline
configure:16176: checking for size_t
configure:16176: gcc -c -g -O2  conftest.c >&5
configure:16176: $? = 0
configure:16176: gcc -c -g -O2  conftest.c >&5
conftest.c: In function 'main':
conftest.c:62: error: expected expression before ')' token
configure:16176: $? = 1
configure: failed program was:
| /* confdefs.h */
| #define PACKAGE_NAME "lfsc-checker"
| #define PACKAGE_TARNAME "lfsc-checker"
| #define PACKAGE_VERSION "1.0"
| #define PACKAGE_STRING "lfsc-checker 1.0"
| #define PACKAGE_BUGREPORT "cvc-bugs@cs.nyu.edu"
| #define PACKAGE_URL ""
| #define STDC_HEADERS 1
| #define HAVE_SYS_TYPES_H 1
| #define HAVE_SYS_STAT_H 1
| #define HAVE_STDLIB_H 1
| #define HAVE_STRING_H 1
| #define HAVE_MEMORY_H 1
| #define HAVE_STRINGS_H 1
| #define HAVE_INTTYPES_H 1
| #define HAVE_STDINT_H 1
| #define HAVE_UNISTD_H 1
| #define HAVE_DLFCN_H 1
| #define LT_OBJDIR ".libs/"
| #define HAVE_LIBGMP 1
| #define HAVE_STDLIB_H 1
| #define HAVE_STRING_H 1
| #define HAVE__BOOL 1
| #define HAVE_STDBOOL_H 1
| /* end confdefs.h.  */
| #include <stdio.h>
| #ifdef HAVE_SYS_TYPES_H
| # include <sys/types.h>
| #endif
| #ifdef HAVE_SYS_STAT_H
| # include <sys/stat.h>
| #endif
| #ifdef STDC_HEADERS
| # include <stdlib.h>
| # include <stddef.h>
| #else
| # ifdef HAVE_STDLIB_H
| #  include <stdlib.h>
| # endif
| #endif
| #ifdef HAVE_STRING_H
| # if !defined STDC_HEADERS && defined HAVE_MEMORY_H
| #  include <memory.h>
| # endif
| # include <string.h>
| #endif
| #ifdef HAVE_STRINGS_H
| # include <strings.h>
| #endif
| #ifdef HAVE_INTTYPES_H
| # include <inttypes.h>
| #endif
| #ifdef HAVE_STDINT_H
| # include <stdint.h>
| #endif
| #ifdef HAVE_UNISTD_H
| # include <unistd.h>
| #endif
| int
| main ()
| {
| if (sizeof ((size_t)))
| 	    return 0;
|   ;
|   return 0;
| }
configure:16176: result: yes
configure:16191: checking for stdlib.h
configure:16191: result: yes
configure:16201: checking for GNU libc compatible malloc
configure:16225: gcc -o conftest -g -O2   conftest.c -lgmp  >&5
configure:16225: $? = 0
configure:16225: ./conftest
configure:16225: $? = 0
configure:16235: result: yes
configure:16258: checking for strdup
configure:16258: gcc -o conftest -g -O2   conftest.c -lgmp  >&5
conftest.c:51: warning: conflicting types for built-in function 'strdup'
configure:16258: $? = 0
configure:16258: result: yes
configure:16412: creating ./config.status

## ---------------------- ##
## Running config.status. ##
## ---------------------- ##

This file was extended by lfsc-checker config.status 1.0, which was
generated by GNU Autoconf 2.68.  Invocation command line was

  CONFIG_FILES    = 
  CONFIG_HEADERS  = 
  CONFIG_LINKS    = 
  CONFIG_COMMANDS = 
  $ ./config.status 

on nilgiri.cfdvs.iitb.ac.in

config.status:1168: creating Makefile
config.status:1168: creating config.h
config.status:1382: executing depfiles commands
config.status:1382: executing libtool commands

## ---------------- ##
## Cache variables. ##
## ---------------- ##

ac_cv_build=x86_64-unknown-linux-gnu
ac_cv_c_compiler_gnu=yes
ac_cv_c_inline=inline
ac_cv_cxx_compiler_gnu=yes
ac_cv_env_CCC_set=
ac_cv_env_CCC_value=
ac_cv_env_CC_set=
ac_cv_env_CC_value=
ac_cv_env_CFLAGS_set=
ac_cv_env_CFLAGS_value=
ac_cv_env_CPPFLAGS_set=
ac_cv_env_CPPFLAGS_value=
ac_cv_env_CPP_set=
ac_cv_env_CPP_value=
ac_cv_env_CXXCPP_set=
ac_cv_env_CXXCPP_value=
ac_cv_env_CXXFLAGS_set=
ac_cv_env_CXXFLAGS_value=
ac_cv_env_CXX_set=
ac_cv_env_CXX_value=
ac_cv_env_LDFLAGS_set=
ac_cv_env_LDFLAGS_value=
ac_cv_env_LIBS_set=
ac_cv_env_LIBS_value=
ac_cv_env_build_alias_set=
ac_cv_env_build_alias_value=
ac_cv_env_host_alias_set=
ac_cv_env_host_alias_value=
ac_cv_env_target_alias_set=
ac_cv_env_target_alias_value=
ac_cv_func_malloc_0_nonnull=yes
ac_cv_func_strdup=yes
ac_cv_header_dlfcn_h=yes
ac_cv_header_inttypes_h=yes
ac_cv_header_memory_h=yes
ac_cv_header_stdbool_h=yes
ac_cv_header_stdc=yes
ac_cv_header_stdint_h=yes
ac_cv_header_stdlib_h=yes
ac_cv_header_string_h=yes
ac_cv_header_strings_h=yes
ac_cv_header_sys_stat_h=yes
ac_cv_header_sys_types_h=yes
ac_cv_header_unistd_h=yes
ac_cv_host=x86_64-unknown-linux-gnu
ac_cv_lib_gmp___gmpz_init=yes
ac_cv_objext=o
ac_cv_path_EGREP='/bin/grep -E'
ac_cv_path_FGREP='/bin/grep -F'
ac_cv_path_GREP=/bin/grep
ac_cv_path_SED=/bin/sed
ac_cv_path_install='/usr/bin/install -c'
ac_cv_path_mkdir=/bin/mkdir
ac_cv_prog_AWK=gawk
ac_cv_prog_CPP='gcc -E'
ac_cv_prog_CXXCPP='g++ -E'
ac_cv_prog_ac_ct_AR=ar
ac_cv_prog_ac_ct_CC=gcc
ac_cv_prog_ac_ct_CXX=g++
ac_cv_prog_ac_ct_OBJDUMP=objdump
ac_cv_prog_ac_ct_RANLIB=ranlib
ac_cv_prog_ac_ct_STRIP=strip
ac_cv_prog_cc_c89=
ac_cv_prog_cc_g=yes
ac_cv_prog_cxx_g=yes
ac_cv_prog_make_make_set=yes
ac_cv_target=x86_64-unknown-linux-gnu
ac_cv_type__Bool=yes
ac_cv_type_size_t=yes
am_cv_CC_dependencies_compiler_type=gcc3
am_cv_CXX_dependencies_compiler_type=gcc3
am_cv_make_support_nested_variables=yes
am_cv_prog_tar_pax=gnutar
lt_cv_ar_at_file=@
lt_cv_archive_cmds_need_lc=no
lt_cv_deplibs_check_method=pass_all
lt_cv_file_magic_cmd='$MAGIC_CMD'
lt_cv_file_magic_test_file=
lt_cv_ld_reload_flag=-r
lt_cv_nm_interface='BSD nm'
lt_cv_objdir=.libs
lt_cv_path_LD=/usr/bin/ld
lt_cv_path_LDCXX='/usr/bin/ld -m elf_x86_64'
lt_cv_path_NM='/usr/bin/nm -B'
lt_cv_path_mainfest_tool=no
lt_cv_prog_compiler_c_o=yes
lt_cv_prog_compiler_c_o_CXX=yes
lt_cv_prog_compiler_pic='-fPIC -DPIC'
lt_cv_prog_compiler_pic_CXX='-fPIC -DPIC'
lt_cv_prog_compiler_pic_works=yes
lt_cv_prog_compiler_pic_works_CXX=yes
lt_cv_prog_compiler_rtti_exceptions=no
lt_cv_prog_compiler_static_works=yes
lt_cv_prog_compiler_static_works_CXX=yes
lt_cv_prog_gnu_ld=yes
lt_cv_prog_gnu_ldcxx=yes
lt_cv_sharedlib_from_linklib_cmd='printf %s\n'
lt_cv_shlibpath_overrides_runpath=no
lt_cv_sys_global_symbol_pipe='sed -n -e '\''s/^.*[	 ]\([ABCDGIRSTW][ABCDGIRSTW]*\)[	 ][	 ]*\([_A-Za-z][_A-Za-z0-9]*\)$/\1 \2 \2/p'\'' | sed '\''/ __gnu_lto/d'\'''
lt_cv_sys_global_symbol_to_c_name_address='sed -n -e '\''s/^: \([^ ]*\)[ ]*$/  {\"\1\", (void *) 0},/p'\'' -e '\''s/^[ABCDGIRSTW]* \([^ ]*\) \([^ ]*\)$/  {"\2", (void *) \&\2},/p'\'''
lt_cv_sys_global_symbol_to_c_name_address_lib_prefix='sed -n -e '\''s/^: \([^ ]*\)[ ]*$/  {\"\1\", (void *) 0},/p'\'' -e '\''s/^[ABCDGIRSTW]* \([^ ]*\) \(lib[^ ]*\)$/  {"\2", (void *) \&\2},/p'\'' -e '\''s/^[ABCDGIRSTW]* \([^ ]*\) \([^ ]*\)$/  {"lib\2", (void *) \&\2},/p'\'''
lt_cv_sys_global_symbol_to_cdecl='sed -n -e '\''s/^T .* \(.*\)$/extern int \1();/p'\'' -e '\''s/^[ABCDGIRSTW]* .* \(.*\)$/extern char \1;/p'\'''
lt_cv_sys_max_cmd_len=1966080
lt_cv_to_host_file_cmd=func_convert_file_noop
lt_cv_to_tool_file_cmd=func_convert_file_noop

## ----------------- ##
## Output variables. ##
## ----------------- ##

ACLOCAL='${SHELL} /home/rakeshmistry/Documents/approxMC/cvc4-mc/cvc4-1.4/proofs/lfsc_checker/config/missing --run aclocal-1.11'
AMDEPBACKSLASH='\'
AMDEP_FALSE='#'
AMDEP_TRUE=''
AMTAR='$${TAR-tar}'
AM_BACKSLASH='\'
AM_DEFAULT_V='$(AM_DEFAULT_VERBOSITY)'
AM_DEFAULT_VERBOSITY='0'
AM_V='$(V)'
AR='ar'
AUTOCONF='${SHELL} /home/rakeshmistry/Documents/approxMC/cvc4-mc/cvc4-1.4/proofs/lfsc_checker/config/missing --run autoconf'
AUTOHEADER='${SHELL} /home/rakeshmistry/Documents/approxMC/cvc4-mc/cvc4-1.4/proofs/lfsc_checker/config/missing --run autoheader'
AUTOMAKE='${SHELL} /home/rakeshmistry/Documents/approxMC/cvc4-mc/cvc4-1.4/proofs/lfsc_checker/config/missing --run automake-1.11'
AWK='gawk'
CC='gcc'
CCDEPMODE='depmode=gcc3'
CFLAGS='-g -O2'
CPP='gcc -E'
CPPFLAGS=''
CXX='g++'
CXXCPP='g++ -E'
CXXDEPMODE='depmode=gcc3'
CXXFLAGS='-g -O2'
CYGPATH_W='echo'
DEFS='-DHAVE_CONFIG_H'
DEPDIR='.deps'
DLLTOOL='false'
DSYMUTIL=''
DUMPBIN=''
ECHO_C=''
ECHO_N='-n'
ECHO_T=''
EGREP='/bin/grep -E'
EXEEXT=''
FGREP='/bin/grep -F'
GREP='/bin/grep'
INSTALL_DATA='${INSTALL} -m 644'
INSTALL_PROGRAM='${INSTALL}'
INSTALL_SCRIPT='${INSTALL}'
INSTALL_STRIP_PROGRAM='$(install_sh) -c -s'
LD='/usr/bin/ld -m elf_x86_64'
LDFLAGS=''
LIBOBJS=''
LIBS='-lgmp '
LIBTOOL='$(SHELL) $(top_builddir)/libtool'
LIPO=''
LN_S='ln -s'
LTLIBOBJS=''
MAINT=''
MAINTAINER_MODE_FALSE='#'
MAINTAINER_MODE_TRUE=''
MAKEINFO='${SHELL} /home/rakeshmistry/Documents/approxMC/cvc4-mc/cvc4-1.4/proofs/lfsc_checker/config/missing --run makeinfo'
MANIFEST_TOOL=':'
MKDIR_P='/bin/mkdir -p'
NM='/usr/bin/nm -B'
NMEDIT=''
OBJDUMP='objdump'
OBJEXT='o'
OTOOL64=''
OTOOL=''
PACKAGE='lfsc-checker'
PACKAGE_BUGREPORT='cvc-bugs@cs.nyu.edu'
PACKAGE_NAME='lfsc-checker'
PACKAGE_STRING='lfsc-checker 1.0'
PACKAGE_TARNAME='lfsc-checker'
PACKAGE_URL=''
PACKAGE_VERSION='1.0'
PATH_SEPARATOR=':'
RANLIB='ranlib'
SED='/bin/sed'
SET_MAKE=''
SHELL='/bin/sh'
STRIP='strip'
VERSION='1.0'
ac_ct_AR='ar'
ac_ct_CC='gcc'
ac_ct_CXX='g++'
ac_ct_DUMPBIN=''
am__EXEEXT_FALSE=''
am__EXEEXT_TRUE='#'
am__fastdepCC_FALSE='#'
am__fastdepCC_TRUE=''
am__fastdepCXX_FALSE='#'
am__fastdepCXX_TRUE=''
am__include='include'
am__isrc=' -I$(srcdir)'
am__leading_dot='.'
am__nodep='_no'
am__quote=''
am__tar='tar --format=posix -chf - "$$tardir"'
am__untar='tar -xf -'
bindir='${exec_prefix}/bin'
build='x86_64-unknown-linux-gnu'
build_alias=''
build_cpu='x86_64'
build_os='linux-gnu'
build_vendor='unknown'
datadir='${datarootdir}'
datarootdir='${prefix}/share'
docdir='${datarootdir}/doc/${PACKAGE_TARNAME}'
dvidir='${docdir}'
exec_prefix='${prefix}'
host='x86_64-unknown-linux-gnu'
host_alias=''
host_cpu='x86_64'
host_os='linux-gnu'
host_vendor='unknown'
htmldir='${docdir}'
includedir='${prefix}/include'
infodir='${datarootdir}/info'
install_sh='${SHELL} /home/rakeshmistry/Documents/approxMC/cvc4-mc/cvc4-1.4/proofs/lfsc_checker/config/install-sh'
libdir='${exec_prefix}/lib'
libexecdir='${exec_prefix}/libexec'
localedir='${datarootdir}/locale'
localstatedir='${prefix}/var'
mandir='${datarootdir}/man'
mkdir_p='/bin/mkdir -p'
oldincludedir='/usr/include'
pdfdir='${docdir}'
prefix='/usr/local'
program_transform_name='s,x,x,'
psdir='${docdir}'
sbindir='${exec_prefix}/sbin'
sharedstatedir='${prefix}/com'
sysconfdir='${prefix}/etc'
target='x86_64-unknown-linux-gnu'
target_alias=''
target_cpu='x86_64'
target_os='linux-gnu'
target_vendor='unknown'

## ----------- ##
## confdefs.h. ##
## ----------- ##

/* confdefs.h */
#define PACKAGE_NAME "lfsc-checker"
#define PACKAGE_TARNAME "lfsc-checker"
#define PACKAGE_VERSION "1.0"
#define PACKAGE_STRING "lfsc-checker 1.0"
#define PACKAGE_BUGREPORT "cvc-bugs@cs.nyu.edu"
#define PACKAGE_URL ""
#define STDC_HEADERS 1
#define HAVE_SYS_TYPES_H 1
#define HAVE_SYS_STAT_H 1
#define HAVE_STDLIB_H 1
#define HAVE_STRING_H 1
#define HAVE_MEMORY_H 1
#define HAVE_STRINGS_H 1
#define HAVE_INTTYPES_H 1
#define HAVE_STDINT_H 1
#define HAVE_UNISTD_H 1
#define HAVE_DLFCN_H 1
#define LT_OBJDIR ".libs/"
#define HAVE_LIBGMP 1
#define HAVE_STDLIB_H 1
#define HAVE_STRING_H 1
#define HAVE__BOOL 1
#define HAVE_STDBOOL_H 1
#define HAVE_STDLIB_H 1
#define HAVE_MALLOC 1
#define HAVE_STRDUP 1

configure: exit 0
